<testsuites id="" name="" tests="12" failures="0" skipped="0" errors="0" time="5.701768">
<testsuite name="components.spec.js" timestamp="2025-07-31T07:57:38.838Z" hostname="chromium" tests="4" failures="0" skipped="0" time="2.504" errors="0">
<testcase name="Component Catalog › should display page title and description" classname="components.spec.js" time="0.613">
</testcase>
<testcase name="Component Catalog › should display components table with headers" classname="components.spec.js" time="0.64">
</testcase>
<testcase name="Component Catalog › should display all three components" classname="components.spec.js" time="0.625">
</testcase>
<testcase name="Component Catalog › should display component count correctly" classname="components.spec.js" time="0.626">
</testcase>
</testsuite>
<testsuite name="components.spec.js" timestamp="2025-07-31T07:57:38.838Z" hostname="firefox" tests="4" failures="0" skipped="0" time="5.17" errors="0">
<testcase name="Component Catalog › should display page title and description" classname="components.spec.js" time="1.109">
</testcase>
<testcase name="Component Catalog › should display components table with headers" classname="components.spec.js" time="1.156">
</testcase>
<testcase name="Component Catalog › should display all three components" classname="components.spec.js" time="1.401">
</testcase>
<testcase name="Component Catalog › should display component count correctly" classname="components.spec.js" time="1.504">
</testcase>
</testsuite>
<testsuite name="components.spec.js" timestamp="2025-07-31T07:57:38.838Z" hostname="webkit" tests="4" failures="0" skipped="0" time="2.822" errors="0">
<testcase name="Component Catalog › should display page title and description" classname="components.spec.js" time="0.873">
</testcase>
<testcase name="Component Catalog › should display components table with headers" classname="components.spec.js" time="0.794">
</testcase>
<testcase name="Component Catalog › should display all three components" classname="components.spec.js" time="0.508">
</testcase>
<testcase name="Component Catalog › should display component count correctly" classname="components.spec.js" time="0.647">
</testcase>
</testsuite>
</testsuites>